mode: set
mini-project/businesses/teachers/TeacherUseCase.go:10.79,15.2 1 1
mini-project/businesses/teachers/TeacherUseCase.go:17.71,19.2 1 1
mini-project/businesses/teachers/TeacherUseCase.go:21.53,23.2 1 1
mini-project/businesses/teachers/TeacherUseCase.go:25.75,27.2 1 1
mini-project/businesses/teachers/TeacherUseCase.go:29.50,31.2 1 1
mini-project/businesses/teachers/TeacherUseCase.go:33.50,35.2 1 1
mini-project/businesses/teachers/TeacherUseCase.go:37.63,40.23 2 1
mini-project/businesses/teachers/TeacherUseCase.go:44.2,46.14 2 0
mini-project/businesses/teachers/TeacherUseCase.go:40.23,42.3 1 1
